  CPathMgr.cpp
C:\Program Files\Microsoft Visual Studio\2022\Community\VC\Tools\MSVC\14.39.33519\include\filesystem(12): warning STL4038: The contents of <filesystem> are available only with C++17 or later.
D:\cpp_Exercise\GameEngine\GameEngine\CPathMgr.cpp(6,22): error C2039: 'filesystem': 'std'의 멤버가 아닙니다.
  (소스 파일 '/CPathMgr.cpp'을(를) 컴파일하는 중)
  C:\Program Files\Microsoft Visual Studio\2022\Community\VC\Tools\MSVC\14.39.33519\include\iostream(18,1):
  'std' 선언을 참조하십시오.
  
D:\cpp_Exercise\GameEngine\GameEngine\CPathMgr.cpp(6,22): error C2878: 'filesystem': 같은 이름을 가진 네임스페이스 또는 클래스가 없습니다.
  (소스 파일 '/CPathMgr.cpp'을(를) 컴파일하는 중)
  
D:\cpp_Exercise\GameEngine\GameEngine\CPathMgr.cpp(126,28): error C2653: 'fs': 클래스 또는 네임스페이스 이름이 아닙니다.
  (소스 파일 '/CPathMgr.cpp'을(를) 컴파일하는 중)
  
D:\cpp_Exercise\GameEngine\GameEngine\CPathMgr.cpp(126,3): error C2530: 'entry': 참조를 초기화해야 합니다.
  (소스 파일 '/CPathMgr.cpp'을(를) 컴파일하는 중)
  
D:\cpp_Exercise\GameEngine\GameEngine\CPathMgr.cpp(126,3): error C3531: 'entry': 형식에 'auto'이(가) 포함된 기호에는 이니셜라이저가 있어야 합니다.
  (소스 파일 '/CPathMgr.cpp'을(를) 컴파일하는 중)
  
D:\cpp_Exercise\GameEngine\GameEngine\CPathMgr.cpp(126,26): error C2143: 구문 오류: ';'이(가) ':' 앞에 없습니다.
  (소스 파일 '/CPathMgr.cpp'을(를) 컴파일하는 중)
  
D:\cpp_Exercise\GameEngine\GameEngine\CPathMgr.cpp(126,32): error C3861: 'directory_iterator': 식별자를 찾을 수 없습니다.
  (소스 파일 '/CPathMgr.cpp'을(를) 컴파일하는 중)
  
D:\cpp_Exercise\GameEngine\GameEngine\CPathMgr.cpp(126,61): error C2143: 구문 오류: ';'이(가) ')' 앞에 없습니다.
  (소스 파일 '/CPathMgr.cpp'을(를) 컴파일하는 중)
  
D:\cpp_Exercise\GameEngine\GameEngine\CPathMgr.cpp(130,15): error C2653: 'fs': 클래스 또는 네임스페이스 이름이 아닙니다.
  (소스 파일 '/CPathMgr.cpp'을(를) 컴파일하는 중)
  
D:\cpp_Exercise\GameEngine\GameEngine\CPathMgr.cpp(130,35): error C4430: 형식 지정자가 없습니다. int로 가정합니다. 참고: C++에서는 기본 int를 지원하지 않습니다.
  (소스 파일 '/CPathMgr.cpp'을(를) 컴파일하는 중)
  
D:\cpp_Exercise\GameEngine\GameEngine\CPathMgr.cpp(130,35): error C2143: 구문 오류: ','이(가) '&' 앞에 없습니다.
  (소스 파일 '/CPathMgr.cpp'을(를) 컴파일하는 중)
  
D:\cpp_Exercise\GameEngine\GameEngine\CPathMgr.cpp(131,40): error C2065: 'e': 선언되지 않은 식별자입니다.
  (소스 파일 '/CPathMgr.cpp'을(를) 컴파일하는 중)
  
